=== [ 2025-05-06 15:32:10 ] Sessão iniciada ===

[2025-05-06 15:32:10] [Info] Perfil recebido: 'ELDEN RING'
[2025-05-06 15:32:10] [Info] Procurando perfil em: D:\messi\Documents\GitHub\Sync-Save\CloudQuest\profiles\ELDEN RING.json
[2025-05-06 15:32:10] [Info] Verificando configuração do Rclone...
[2025-05-06 15:32:10] [Info] Configuração do Rclone validada
[2025-05-06 15:32:12] [Info] Diretório remoto verificado/criado: onedrive:CloudQuest/EldenRing
[2025-05-06 15:32:12] [Info] Diretório local criado: %APPDATA%\EldenRing
[2025-05-06 15:32:12] [Info] CloudQuest - Sincronizando
[2025-05-06 15:32:12] [Info] Usando fonte Montserrat
[2025-05-06 15:32:12] [Info] Tentativa 1/3: onedrive:CloudQuest/EldenRing/ -> %APPDATA%\EldenRing
[2025-05-06 15:32:27] [Info] Sincronização bem-sucedida
[2025-05-06 15:32:28] [Info] Launcher iniciado (PID: 19976)
[2025-05-06 15:32:28] [Info] Aguardando processo do jogo...
[2025-05-06 15:32:38] [Info] Iniciando monitoramento do processo (PID: 16092)...
[2025-05-06 15:32:53] [Info] Processo finalizado (PID: 16092)
[2025-05-06 15:32:53] [Info] CloudQuest - Atualizando
[2025-05-06 15:32:53] [Info] Usando fonte Montserrat
[2025-05-06 15:32:53] [Info] Tentativa 1/3: %APPDATA%\EldenRing -> onedrive:CloudQuest/EldenRing/
[2025-05-06 15:32:55] [Info] Sincronização bem-sucedida
[2025-05-06 15:32:55] [Info] === Sessão finalizada ===

